<?xml version="1.0" encoding="UTF-8"?>
<!-- Generated by org.testng.reporters.JUnitXMLReporter -->
<testsuite ignored="0" hostname="LAVINDU5570" failures="0" tests="5" name="Surefire test" time="105.446" errors="0" timestamp="2026-03-22T23:36:00 IST">
  <testcase classname="question2.DataProviderTest" name="testSearchFunctionality" time="13.646"/>
  <testcase classname="question2.DataProviderTest" name="testSearchFunctionality" time="13.742"/>
  <testcase classname="question2.DataProviderTest" name="testSearchFunctionality" time="33.33"/>
  <testcase classname="question2.DataProviderTest" name="testSearchFunctionality" time="30.217"/>
  <testcase classname="question2.DataProviderTest" name="testSearchFunctionality" time="7.306"/>
</testsuite> <!-- Surefire test -->
