<?xml version="1.0" encoding="UTF-8"?>
<testng-results ignored="0" total="1" passed="1" failed="0" skipped="0">
  <reporter-output>
  </reporter-output>
  <suite started-at="2026-03-22T18:34:56 IST" name="Surefire suite" finished-at="2026-03-22T18:35:07 IST" duration-ms="10942">
    <groups>
    </groups>
    <test started-at="2026-03-22T18:34:56 IST" name="Surefire test" finished-at="2026-03-22T18:35:07 IST" duration-ms="10942">
      <class name="question2.TestNGBasicsTest">
        <test-method is-config="true" signature="prepareForTest()[pri:0, instance:question2.TestNGBasicsTest@3c22fc4c]" started-at="2026-03-22T18:34:56 IST" name="prepareForTest" finished-at="2026-03-22T18:34:56 IST" duration-ms="29" status="PASS">
          <reporter-output>
          </reporter-output>
        </test-method> <!-- prepareForTest -->
        <test-method is-config="true" signature="setUp()[pri:0, instance:question2.TestNGBasicsTest@3c22fc4c]" started-at="2026-03-22T18:34:56 IST" name="setUp" finished-at="2026-03-22T18:35:03 IST" duration-ms="6697" status="PASS">
          <reporter-output>
          </reporter-output>
        </test-method> <!-- setUp -->
        <test-method signature="testNavigation()[pri:0, instance:question2.TestNGBasicsTest@3c22fc4c]" started-at="2026-03-22T18:35:03 IST" name="testNavigation" finished-at="2026-03-22T18:35:05 IST" duration-ms="2562" status="PASS">
          <reporter-output>
          </reporter-output>
        </test-method> <!-- testNavigation -->
        <test-method is-config="true" signature="endTest()[pri:0, instance:question2.TestNGBasicsTest@3c22fc4c]" started-at="2026-03-22T18:35:05 IST" name="endTest" finished-at="2026-03-22T18:35:07 IST" duration-ms="1504" status="PASS">
          <reporter-output>
          </reporter-output>
        </test-method> <!-- endTest -->
        <test-method is-config="true" signature="cleanUpAfterTest()[pri:0, instance:question2.TestNGBasicsTest@3c22fc4c]" started-at="2026-03-22T18:35:07 IST" name="cleanUpAfterTest" finished-at="2026-03-22T18:35:07 IST" duration-ms="0" status="PASS">
          <reporter-output>
          </reporter-output>
        </test-method> <!-- cleanUpAfterTest -->
      </class> <!-- question2.TestNGBasicsTest -->
    </test> <!-- Surefire test -->
  </suite> <!-- Surefire suite -->
</testng-results>
