<?xml version="1.0" encoding="UTF-8"?>
<!-- Generated by org.testng.reporters.JUnitReportReporter -->
<testsuite hostname="LAVINDU5570" failures="0" tests="5" name="question2.DataProviderTest" time="98.241" errors="0" timestamp="2026-03-22T23:36:00 IST" skipped="0">
  <testcase classname="question2.DataProviderTest" name="testSearchFunctionality" time="13.646"/>
  <testcase classname="question2.DataProviderTest" name="testSearchFunctionality" time="33.330"/>
  <testcase classname="question2.DataProviderTest" name="testSearchFunctionality" time="30.217"/>
  <testcase classname="question2.DataProviderTest" name="testSearchFunctionality" time="7.306"/>
  <testcase classname="question2.DataProviderTest" name="testSearchFunctionality" time="13.742"/>
</testsuite> <!-- question2.DataProviderTest -->
