<?xml version="1.0" encoding="UTF-8"?>
<!-- Generated by org.testng.reporters.JUnitReportReporter -->
<testsuite hostname="LAVINDU5570" failures="0" tests="2" name="question2.ParameterizedLoginTest" time="39.365" errors="0" timestamp="2026-03-23T10:10:12 IST" skipped="0">
  <testcase classname="question2.ParameterizedLoginTest" name="testDynamicLogin" time="22.685"/>
  <testcase classname="question2.ParameterizedLoginTest" name="testDynamicLogin" time="16.680"/>
</testsuite> <!-- question2.ParameterizedLoginTest -->
